C51 COMPILER V9.54   MID_OLED                                                              05/14/2017 11:48:18 PAGE 1   


C51 COMPILER V9.54, COMPILATION OF MODULE MID_OLED
OBJECT MODULE PLACED IN .\Objects\Mid_oled.obj
COMPILER INVOKED BY: C:\Keil_v5\C51\BIN\C51.EXE oled\Mid_oled.c OPTIMIZE(8,SPEED) BROWSE INCDIR(.\Inc;.\oled) DEBUG OBJE
                    -CTEXTEND PRINT(.\Listings\Mid_oled.lst) TABS(2) OBJECT(.\Objects\Mid_oled.obj)

line level    source

   1          #include"Mid_oled.h"
   2          
   3          uchar Mid_oled_Display_Control(uchar ControlData)
   4          { 
   5   1        switch(ControlData)
   6   1        {
   7   2          case DisOff:
   8   2          {
   9   3            OLED_Display_Off();
  10   3          }break;
  11   2          case DisOn:
  12   2          {
  13   3            OLED_Display_On();
  14   3          }break;
  15   2          case DisClear:
  16   2          {
  17   3            OLED_Clear();
  18   3          }break;
  19   2          case DisInit:
  20   2          {
  21   3            OLED_Init();
  22   3            OLED_Display_On();
  23   3            OLED_Size(12);
  24   3          }break;
  25   2          case Char_Size_12:
  26   2          {
  27   3            OLED_Size(12);
  28   3          }break;
  29   2          case Char_Size_16:
  30   2          {
  31   3            OLED_Size(16);
  32   3          }break;
  33   2          default:return ERROR;break;
  34   2        }
  35   1      
  36   1        return OK;
  37   1      }
  38          
  39          
  40          
  41          
  42          uchar Mid_oled_Display_Show(uchar Xpos,uchar Ypos,uchar Fun,uchar *Data,uchar *Size)   //┴ллл
  43          {
  44   1        switch(Fun)
  45   1        {
  46   2          case ShowChar:
  47   2          {
  48   3            OLED_ShowChar(Xpos,Ypos,*Data);
  49   3          }break;
  50   2          case ShowString:
  51   2          {
  52   3            OLED_ShowString(Xpos,Ypos,Data);  
  53   3          }break;
  54   2          case ShowCHinese:
C51 COMPILER V9.54   MID_OLED                                                              05/14/2017 11:48:18 PAGE 2   

  55   2          {
  56   3            OLED_ShowCHinese(Xpos,Ypos,Data); 
  57   3          }break;
  58   2          case ShowBmp:
  59   2          {
  60   3            OLED_DrawBMP(Xpos, Ypos,Xpos+Size[1], Ypos+Size[0],Data);
  61   3          }break;
  62   2          default:return ERROR;break;
  63   2        }
  64   1        return OK;
  65   1      }
  66          
  67          
  68          void ShowData(uchar Ypos,uchar Xpos,unsigned int dat)
  69          {
  70   1        unsigned char s[32];
  71   1        sprintf(s,"%d",dat);
  72   1        Mid_oled_Display_Show(Xpos,Ypos,ShowString,s,NULL);
  73   1      }
  74          


MODULE INFORMATION:   STATIC OVERLAYABLE
   CODE SIZE        =    236    ----
   CONSTANT SIZE    =      3    ----
   XDATA SIZE       =   ----    ----
   PDATA SIZE       =   ----    ----
   DATA SIZE        =   ----      43
   IDATA SIZE       =   ----    ----
   BIT SIZE         =   ----    ----
END OF MODULE INFORMATION.


C51 COMPILATION COMPLETE.  0 WARNING(S),  0 ERROR(S)
